<?xml version="1.0" encoding="UTF-8"?>
<!-- Generated by org.testng.reporters.JUnitXMLReporter -->
<testsuite hostname="SLB-DW752X2" ignored="0" name="Test" tests="3" failures="0" timestamp="23 Jun 2020 18:53:40 GMT" time="34.434" errors="0">
  <testcase name="verifyText" time="0.074" classname="Academy.VerifyText"/>
  <testcase name="navigationBarCheck" time="0.096" classname="Academy.navBarCheck"/>
  <testcase name="basePageNavigation" time="5.161" classname="Academy.HomePage"/>
</testsuite> <!-- Test -->
