<?xml version="1.0" encoding="UTF-8"?>
<!-- Generated by org.testng.reporters.JUnitXMLReporter -->
<testsuite hostname="SLB-DW752X2" ignored="4" name="Integral Loans" tests="3" failures="0" timestamp="2020-04-18T19:31:20 IST" time="0.043" errors="0">
  <testcase name="Smok2" time="0.009" classname="T.HLoan"/>
  <testcase name="Smoke1" time="0.001" classname="T.CLoan"/>
  <testcase name="Smoke3" time="0.001" classname="T.PLoan"/>
  <testcase name="CloanMLogin" time="0.0" classname="T.CLoan">
    <ignored/>
  </testcase> <!-- CloanMLogin -->
  <testcase name="CloanAPILogin" time="0.0" classname="T.CLoan">
    <ignored/>
  </testcase> <!-- CloanAPILogin -->
  <testcase name="CloanWLogin" time="0.0" classname="T.CLoan">
    <ignored/>
  </testcase> <!-- CloanWLogin -->
  <testcase name="PloanMobileLogin" time="0.0" classname="T.PLoan">
    <ignored/>
  </testcase> <!-- PloanMobileLogin -->
</testsuite> <!-- Integral Loans -->
