<?xml version="1.0" encoding="UTF-8"?>
<!-- Generated by org.testng.reporters.JUnitXMLReporter -->
<testsuite hostname="SLB-DW752X2" ignored="1" name="Google" tests="7" failures="0" timestamp="2020-04-21T02:32:17 IST" time="61.809" errors="0">
  <testcase name="Google_Login" time="7.268" classname="WebSites.Google"/>
  <testcase name="Google_EnterString" time="5.37" classname="WebSites.Google"/>
  <testcase name="Google_GetLinks" time="9.074" classname="WebSites.Google"/>
  <testcase name="Youtube_SearchOperation" time="7.518" classname="WebSites.Youtube"/>
  <testcase name="Fb_Credentials" time="6.403" classname="WebSites.Fb"/>
  <testcase name="Fb_Credentials" time="6.454" classname="WebSites.Fb"/>
  <testcase name="Fb_Credentials" time="6.411" classname="WebSites.Fb"/>
  <testcase name="Google_PageTitle" time="0.0" classname="WebSites.Google">
    <ignored/>
  </testcase> <!-- Google_PageTitle -->
</testsuite> <!-- Google -->
