-------------------------------------------------------------------------------
Test set: TestSuite
-------------------------------------------------------------------------------
Tests run: 1, Failures: 1, Errors: 0, Skipped: 0, Time elapsed: 21.255 s <<< FAILURE! - in TestSuite
gmail.LandPageModule.countLink  Time elapsed: 10.017 s  <<< FAILURE!
java.lang.AssertionError: expected [false] but found [true]
	at gmail.LandPageModule.countLink(LandPageModule.java:47)

