<?xml version="1.0" encoding="UTF-8"?>
<testng-results skipped="0" failed="0" ignored="0" total="3" passed="3">
  <reporter-output>
  </reporter-output>
  <suite name="Suite" duration-ms="34434" started-at="2020-06-23T18:53:05Z" finished-at="2020-06-23T18:53:40Z">
    <groups>
    </groups>
    <test name="Test" duration-ms="34434" started-at="2020-06-23T18:53:05Z" finished-at="2020-06-23T18:53:40Z">
      <class name="Academy.HomePage">
        <test-method status="PASS" signature="hitURL()[pri:0, instance:Academy.HomePage@6646153]" name="hitURL" is-config="true" duration-ms="9307" started-at="2020-06-23T18:53:05Z" finished-at="2020-06-23T18:53:14Z">
          <reporter-output>
          </reporter-output>
        </test-method> <!-- hitURL -->
        <test-method status="PASS" signature="hitURL()[pri:0, instance:Academy.VerifyText@6f3b5d16]" name="hitURL" is-config="true" duration-ms="8455" started-at="2020-06-23T18:53:14Z" finished-at="2020-06-23T18:53:23Z">
          <reporter-output>
          </reporter-output>
        </test-method> <!-- hitURL -->
        <test-method status="PASS" signature="hitURL()[pri:0, instance:Academy.navBarCheck@78b1cc93]" name="hitURL" is-config="true" duration-ms="9062" started-at="2020-06-23T18:53:23Z" finished-at="2020-06-23T18:53:32Z">
          <reporter-output>
          </reporter-output>
        </test-method> <!-- hitURL -->
        <test-method status="PASS" signature="basePageNavigation(java.lang.String, java.lang.String)[pri:0, instance:Academy.HomePage@6646153]" name="basePageNavigation" duration-ms="5161" started-at="2020-06-23T18:53:32Z" data-provider="getData" finished-at="2020-06-23T18:53:37Z">
          <params>
            <param index="0">
              <value>
                <![CDATA[Restricted@User.com]]>
              </value>
            </param>
            <param index="1">
              <value>
                <![CDATA[Restricted]]>
              </value>
            </param>
          </params>
          <reporter-output>
          </reporter-output>
        </test-method> <!-- basePageNavigation -->
        <test-method status="PASS" signature="browserTearDown()[pri:0, instance:Academy.HomePage@6646153]" name="browserTearDown" is-config="true" duration-ms="2081" started-at="2020-06-23T18:53:37Z" finished-at="2020-06-23T18:53:39Z">
          <reporter-output>
          </reporter-output>
        </test-method> <!-- browserTearDown -->
        <test-method status="PASS" signature="browserTearDown()[pri:0, instance:Academy.VerifyText@6f3b5d16]" name="browserTearDown" is-config="true" duration-ms="63" started-at="2020-06-23T18:53:39Z" finished-at="2020-06-23T18:53:39Z">
          <reporter-output>
          </reporter-output>
        </test-method> <!-- browserTearDown -->
        <test-method status="PASS" signature="browserTearDown()[pri:0, instance:Academy.navBarCheck@78b1cc93]" name="browserTearDown" is-config="true" duration-ms="111" started-at="2020-06-23T18:53:39Z" finished-at="2020-06-23T18:53:40Z">
          <reporter-output>
          </reporter-output>
        </test-method> <!-- browserTearDown -->
      </class> <!-- Academy.HomePage -->
      <class name="Academy.navBarCheck">
        <test-method status="PASS" signature="navigationBarCheck()[pri:0, instance:Academy.navBarCheck@78b1cc93]" name="navigationBarCheck" duration-ms="96" started-at="2020-06-23T18:53:32Z" finished-at="2020-06-23T18:53:32Z">
          <reporter-output>
          </reporter-output>
        </test-method> <!-- navigationBarCheck -->
      </class> <!-- Academy.navBarCheck -->
      <class name="Academy.VerifyText">
        <test-method status="PASS" signature="verifyText()[pri:0, instance:Academy.VerifyText@6f3b5d16]" name="verifyText" duration-ms="74" started-at="2020-06-23T18:53:32Z" finished-at="2020-06-23T18:53:32Z">
          <reporter-output>
          </reporter-output>
        </test-method> <!-- verifyText -->
      </class> <!-- Academy.VerifyText -->
    </test> <!-- Test -->
  </suite> <!-- Suite -->
</testng-results>
