<?xml version="1.0" encoding="UTF-8"?>
<!-- Generated by org.testng.reporters.JUnitXMLReporter -->
<testsuite hostname="SLB-DW752X2" ignored="0" name="Test" tests="1" failures="1" timestamp="15 Jul 2020 21:09:49 GMT" time="19.084" errors="0">
  <testcase name="countLink" time="10.037" classname="gmail.LandPageModule">
    <failure type="java.lang.AssertionError" message="expected [false] but found [true]">
      <![CDATA[java.lang.AssertionError: expected [false] but found [true]
at gmail.LandPageModule.countLink(LandPageModule.java:47)
... Removed 33 stack frames]]>
    </failure>
  </testcase> <!-- countLink -->
</testsuite> <!-- Test -->
