<?xml version="1.0" encoding="UTF-8"?>
<testng-results skipped="0" failed="0" ignored="0" total="1" passed="1">
  <reporter-output>
  </reporter-output>
  <suite name="Default suite" duration-ms="10682" started-at="2020-07-05T09:22:31Z" finished-at="2020-07-05T09:22:42Z">
    <groups>
    </groups>
    <test name="Default test" duration-ms="10682" started-at="2020-07-05T09:22:31Z" finished-at="2020-07-05T09:22:42Z">
      <class name="SeleniumSessions.ExtentReportsDemo.ExtentReportPractise">
        <test-method status="PASS" signature="config()[pri:0, instance:SeleniumSessions.ExtentReportsDemo.ExtentReportPractise@68c4039c]" name="config" is-config="true" duration-ms="147" started-at="2020-07-05T09:22:31Z" finished-at="2020-07-05T09:22:31Z">
          <reporter-output>
          </reporter-output>
        </test-method> <!-- config -->
        <test-method status="PASS" signature="Demo()[pri:0, instance:SeleniumSessions.ExtentReportsDemo.ExtentReportPractise@68c4039c]" name="Demo" duration-ms="10532" started-at="2020-07-05T09:22:31Z" finished-at="2020-07-05T09:22:42Z">
          <reporter-output>
          </reporter-output>
        </test-method> <!-- Demo -->
      </class> <!-- SeleniumSessions.ExtentReportsDemo.ExtentReportPractise -->
    </test> <!-- Default test -->
  </suite> <!-- Default suite -->
</testng-results>
