<?xml version="1.0" encoding="UTF-8"?>
<!-- Generated by org.testng.reporters.JUnitXMLReporter -->
<testsuite hostname="SLB-DW752X2" ignored="1" name="Car Loan" tests="3" failures="0" timestamp="2020-06-24T00:04:32 IST" time="0.039" errors="0">
  <testcase name="CloanAPILogin" time="0.005" classname="T.CLoan"/>
  <testcase name="CloanMLogin" time="0.002" classname="T.CLoan"/>
  <testcase name="CloanWLogin" time="0.002" classname="T.CLoan"/>
  <testcase name="Smoke1" time="0.0" classname="T.CLoan">
    <ignored/>
  </testcase> <!-- Smoke1 -->
</testsuite> <!-- Car Loan -->
