<?xml version="1.0" encoding="UTF-8"?>
<!-- Generated by org.testng.reporters.JUnitXMLReporter -->
<testsuite hostname="SLB-DW752X2" ignored="0" name="Test" tests="4" failures="0" timestamp="2020-02-12T21:03:32 IST" time="0.041" errors="0">
  <testcase name="HLoanMobileLogin" time="0.008" classname="T.HLoan"/>
  <testcase name="HLoanWebLogin" time="0.001" classname="T.HLoan"/>
  <testcase name="PloanMobileLogin" time="0.0" classname="T.PLoan"/>
  <testcase name="PloanWebLogin" time="0.001" classname="T.PLoan"/>
</testsuite> <!-- Test -->
